# JRE version: OpenJDK Runtime Environment (11.0.11+9) (build 11.0.11+9-b60-7590822)
# Java VM: OpenJDK 64-Bit Server VM (11.0.11+9-b60-7590822, mixed mode, tiered, compressed oops, g1 gc, windows-amd64)
Heap:
 garbage-first heap   total 188416K, used 119993K [0x0000000080000000, 0x0000000100000000)
  region size 1024K, 8 young (8192K), 1 survivors (1024K)
 Metaspace       used 85679K, capacity 87829K, committed 87932K, reserved 1126400K
  class space    used 10941K, capacity 11703K, committed 11776K, reserved 1048576K
GC Heap History (20 events):
Event: 54.757 GC heap before
{Heap before GC invocations=12 (full 0):
 garbage-first heap   total 188416K, used 119477K [0x0000000080000000, 0x0000000100000000)
  region size 1024K, 92 young (94208K), 14 survivors (14336K)
 Metaspace       used 58318K, capacity 59765K, committed 59900K, reserved 1101824K
  class space    used 7392K, capacity 7966K, committed 8064K, reserved 1048576K
}
Event: 54.818 GC heap after
{Heap after GC invocations=13 (full 0):
 garbage-first heap   total 188416K, used 45056K [0x0000000080000000, 0x0000000100000000)
  region size 1024K, 4 young (4096K), 4 survivors (4096K)
 Metaspace       used 58318K, capacity 59765K, committed 59900K, reserved 1101824K
  class space    used 7392K, capacity 7966K, committed 8064K, reserved 1048576K
}
Event: 62.271 GC heap before
{Heap before GC invocations=14 (full 0):
 garbage-first heap   total 188416K, used 136192K [0x0000000080000000, 0x0000000100000000)
  region size 1024K, 93 young (95232K), 4 survivors (4096K)
 Metaspace       used 65667K, capacity 67269K, committed 67452K, reserved 1107968K
  class space    used 8374K, capacity 8959K, committed 8960K, reserved 1048576K
}
Event: 62.316 GC heap after
{Heap after GC invocations=15 (full 0):
 garbage-first heap   total 188416K, used 52224K [0x0000000080000000, 0x0000000100000000)
  region size 1024K, 11 young (11264K), 11 survivors (11264K)
 Metaspace       used 65667K, capacity 67269K, committed 67452K, reserved 1107968K
  class space    used 8374K, capacity 8959K, committed 8960K, reserved 1048576K
}
Event: 75.968 GC heap before
{Heap before GC invocations=15 (full 0):
 garbage-first heap   total 188416K, used 141312K [0x0000000080000000, 0x0000000100000000)
  region size 1024K, 98 young (100352K), 11 survivors (11264K)
 Metaspace       used 75605K, capacity 77376K, committed 77436K, reserved 1116160K
  class space    used 9836K, capacity 10465K, committed 10496K, reserved 1048576K
}
Event: 76.023 GC heap after
{Heap after GC invocations=16 (full 0):
 garbage-first heap   total 188416K, used 57537K [0x0000000080000000, 0x0000000100000000)
  region size 1024K, 6 young (6144K), 6 survivors (6144K)
 Metaspace       used 75605K, capacity 77376K, committed 77436K, reserved 1116160K
  class space    used 9836K, capacity 10465K, committed 10496K, reserved 1048576K
}
Event: 90.069 GC heap before
{Heap before GC invocations=16 (full 0):
 garbage-first heap   total 188416K, used 143553K [0x0000000080000000, 0x0000000100000000)
  region size 1024K, 91 young (93184K), 6 survivors (6144K)
 Metaspace       used 79322K, capacity 81285K, committed 81404K, reserved 1120256K
  class space    used 10315K, capacity 11043K, committed 11136K, reserved 1048576K
}
Event: 90.108 GC heap after
{Heap after GC invocations=17 (full 0):
 garbage-first heap   total 188416K, used 63169K [0x0000000080000000, 0x0000000100000000)
  region size 1024K, 11 young (11264K), 11 survivors (11264K)
 Metaspace       used 79322K, capacity 81285K, committed 81404K, reserved 1120256K
  class space    used 10315K, capacity 11043K, committed 11136K, reserved 1048576K
}
Event: 117.665 GC heap before
{Heap before GC invocations=17 (full 0):
 garbage-first heap   total 188416K, used 151233K [0x0000000080000000, 0x0000000100000000)
  region size 1024K, 93 young (95232K), 11 survivors (11264K)
 Metaspace       used 81807K, capacity 83797K, committed 83964K, reserved 1122304K
  class space    used 10546K, capacity 11317K, committed 11392K, reserved 1048576K
}
Event: 117.806 GC heap after
{Heap after GC invocations=18 (full 0):
 garbage-first heap   total 188416K, used 88494K [0x0000000080000000, 0x0000000100000000)
  region size 1024K, 12 young (12288K), 12 survivors (12288K)
 Metaspace       used 81807K, capacity 83797K, committed 83964K, reserved 1122304K
  class space    used 10546K, capacity 11317K, committed 11392K, reserved 1048576K
}
Event: 181.325 GC heap before
{Heap before GC invocations=18 (full 0):
 garbage-first heap   total 188416K, used 150958K [0x0000000080000000, 0x0000000100000000)
  region size 1024K, 65 young (66560K), 12 survivors (12288K)
 Metaspace       used 82677K, capacity 84767K, committed 84988K, reserved 1122304K
  class space    used 10625K, capacity 11379K, committed 11392K, reserved 1048576K
}
Event: 181.405 GC heap after
{Heap after GC invocations=19 (full 0):
 garbage-first heap   total 188416K, used 100352K [0x0000000080000000, 0x0000000100000000)
  region size 1024K, 9 young (9216K), 9 survivors (9216K)
 Metaspace       used 82677K, capacity 84767K, committed 84988K, reserved 1122304K
  class space    used 10625K, capacity 11379K, committed 11392K, reserved 1048576K
}
Event: 237.354 GC heap before
{Heap before GC invocations=19 (full 0):
 garbage-first heap   total 188416K, used 147456K [0x0000000080000000, 0x0000000100000000)
  region size 1024K, 55 young (56320K), 9 survivors (9216K)
 Metaspace       used 85320K, capacity 87452K, committed 87676K, reserved 1126400K
  class space    used 10921K, capacity 11676K, committed 11776K, reserved 1048576K
}
Event: 237.413 GC heap after
{Heap after GC invocations=20 (full 0):
 garbage-first heap   total 188416K, used 102912K [0x0000000080000000, 0x0000000100000000)
  region size 1024K, 2 young (2048K), 2 survivors (2048K)
 Metaspace       used 85320K, capacity 87452K, committed 87676K, reserved 1126400K
  class space    used 10921K, capacity 11676K, committed 11776K, reserved 1048576K
}
Event: 264.571 GC heap before
{Heap before GC invocations=21 (full 0):
 garbage-first heap   total 188416K, used 148992K [0x0000000080000000, 0x0000000100000000)
  region size 1024K, 48 young (49152K), 2 survivors (2048K)
 Metaspace       used 85393K, capacity 87466K, committed 87676K, reserved 1126400K
  class space    used 10918K, capacity 11658K, committed 11776K, reserved 1048576K
}
Event: 264.613 GC heap after
{Heap after GC invocations=22 (full 0):
 garbage-first heap   total 188416K, used 108544K [0x0000000080000000, 0x0000000100000000)
  region size 1024K, 6 young (6144K), 6 survivors (6144K)
 Metaspace       used 85393K, capacity 87466K, committed 87676K, reserved 1126400K
  class space    used 10918K, capacity 11658K, committed 11776K, reserved 1048576K
}
Event: 265.250 GC heap before
{Heap before GC invocations=23 (full 0):
 garbage-first heap   total 188416K, used 109568K [0x0000000080000000, 0x0000000100000000)
  region size 1024K, 7 young (7168K), 6 survivors (6144K)
 Metaspace       used 85393K, capacity 87466K, committed 87676K, reserved 1126400K
  class space    used 10918K, capacity 11658K, committed 11776K, reserved 1048576K
}
Event: 265.270 GC heap after
{Heap after GC invocations=24 (full 0):
 garbage-first heap   total 188416K, used 110004K [0x0000000080000000, 0x0000000100000000)
  region size 1024K, 1 young (1024K), 1 survivors (1024K)
 Metaspace       used 85393K, capacity 87466K, committed 87676K, reserved 1126400K
  class space    used 10918K, capacity 11658K, committed 11776K, reserved 1048576K
}
Event: 265.755 GC heap before
{Heap before GC invocations=25 (full 0):
 garbage-first heap   total 188416K, used 122292K [0x0000000080000000, 0x0000000100000000)
  region size 1024K, 3 young (3072K), 1 survivors (1024K)
 Metaspace       used 85394K, capacity 87466K, committed 87676K, reserved 1126400K
  class space    used 10918K, capacity 11658K, committed 11776K, reserved 1048576K
}
Event: 265.770 GC heap after
{Heap after GC invocations=26 (full 0):
 garbage-first heap   total 188416K, used 115897K [0x0000000080000000, 0x0000000100000000)
  region size 1024K, 1 young (1024K), 1 survivors (1024K)
 Metaspace       used 85394K, capacity 87466K, committed 87676K, reserved 1126400K
  class space    used 10918K, capacity 11658K, committed 11776K, reserved 1048576K
}

